  main.cpp
C:\temp\vs\CUBO_CONE_CILINDRO\Project1\main.cpp(89,20): warning C4244: 'argumento': conversão de 'double' para 'GLfloat', possível perda de dados
C:\temp\vs\CUBO_CONE_CILINDRO\Project1\main.cpp(89,17): warning C4244: 'argumento': conversão de 'double' para 'GLfloat', possível perda de dados
C:\temp\vs\CUBO_CONE_CILINDRO\Project1\main.cpp(89,14): warning C4244: 'argumento': conversão de 'double' para 'GLfloat', possível perda de dados
C:\temp\vs\CUBO_CONE_CILINDRO\Project1\main.cpp(91,20): warning C4244: 'argumento': conversão de 'double' para 'GLfloat', possível perda de dados
C:\temp\vs\CUBO_CONE_CILINDRO\Project1\main.cpp(91,17): warning C4244: 'argumento': conversão de 'double' para 'GLfloat', possível perda de dados
C:\temp\vs\CUBO_CONE_CILINDRO\Project1\main.cpp(91,14): warning C4244: 'argumento': conversão de 'double' para 'GLfloat', possível perda de dados
C:\temp\vs\CUBO_CONE_CILINDRO\Project1\main.cpp(93,22): warning C4244: 'argumento': conversão de 'double' para 'GLfloat', possível perda de dados
C:\temp\vs\CUBO_CONE_CILINDRO\Project1\main.cpp(93,18): warning C4244: 'argumento': conversão de 'double' para 'GLfloat', possível perda de dados
C:\temp\vs\CUBO_CONE_CILINDRO\Project1\main.cpp(93,14): warning C4244: 'argumento': conversão de 'double' para 'GLfloat', possível perda de dados
C:\temp\vs\CUBO_CONE_CILINDRO\Project1\main.cpp(95,22): warning C4244: 'argumento': conversão de 'double' para 'GLfloat', possível perda de dados
C:\temp\vs\CUBO_CONE_CILINDRO\Project1\main.cpp(95,18): warning C4244: 'argumento': conversão de 'double' para 'GLfloat', possível perda de dados
C:\temp\vs\CUBO_CONE_CILINDRO\Project1\main.cpp(95,14): warning C4244: 'argumento': conversão de 'double' para 'GLfloat', possível perda de dados
C:\temp\vs\CUBO_CONE_CILINDRO\Project1\main.cpp(97,22): warning C4244: 'argumento': conversão de 'double' para 'GLfloat', possível perda de dados
C:\temp\vs\CUBO_CONE_CILINDRO\Project1\main.cpp(97,18): warning C4244: 'argumento': conversão de 'double' para 'GLfloat', possível perda de dados
C:\temp\vs\CUBO_CONE_CILINDRO\Project1\main.cpp(97,14): warning C4244: 'argumento': conversão de 'double' para 'GLfloat', possível perda de dados
C:\temp\vs\CUBO_CONE_CILINDRO\Project1\main.cpp(99,22): warning C4244: 'argumento': conversão de 'double' para 'GLfloat', possível perda de dados
C:\temp\vs\CUBO_CONE_CILINDRO\Project1\main.cpp(99,18): warning C4244: 'argumento': conversão de 'double' para 'GLfloat', possível perda de dados
C:\temp\vs\CUBO_CONE_CILINDRO\Project1\main.cpp(99,14): warning C4244: 'argumento': conversão de 'double' para 'GLfloat', possível perda de dados
C:\temp\vs\CUBO_CONE_CILINDRO\Project1\main.cpp(101,22): warning C4244: 'argumento': conversão de 'double' para 'GLfloat', possível perda de dados
C:\temp\vs\CUBO_CONE_CILINDRO\Project1\main.cpp(101,18): warning C4244: 'argumento': conversão de 'double' para 'GLfloat', possível perda de dados
C:\temp\vs\CUBO_CONE_CILINDRO\Project1\main.cpp(101,14): warning C4244: 'argumento': conversão de 'double' para 'GLfloat', possível perda de dados
C:\temp\vs\CUBO_CONE_CILINDRO\Project1\main.cpp(103,22): warning C4244: 'argumento': conversão de 'double' para 'GLfloat', possível perda de dados
C:\temp\vs\CUBO_CONE_CILINDRO\Project1\main.cpp(103,18): warning C4244: 'argumento': conversão de 'double' para 'GLfloat', possível perda de dados
C:\temp\vs\CUBO_CONE_CILINDRO\Project1\main.cpp(103,14): warning C4244: 'argumento': conversão de 'double' para 'GLfloat', possível perda de dados
C:\temp\vs\CUBO_CONE_CILINDRO\Project1\main.cpp(105,22): warning C4244: 'argumento': conversão de 'double' para 'GLfloat', possível perda de dados
C:\temp\vs\CUBO_CONE_CILINDRO\Project1\main.cpp(105,18): warning C4244: 'argumento': conversão de 'double' para 'GLfloat', possível perda de dados
C:\temp\vs\CUBO_CONE_CILINDRO\Project1\main.cpp(105,14): warning C4244: 'argumento': conversão de 'double' para 'GLfloat', possível perda de dados
C:\temp\vs\CUBO_CONE_CILINDRO\Project1\main.cpp(107,22): warning C4244: 'argumento': conversão de 'double' para 'GLfloat', possível perda de dados
C:\temp\vs\CUBO_CONE_CILINDRO\Project1\main.cpp(107,18): warning C4244: 'argumento': conversão de 'double' para 'GLfloat', possível perda de dados
C:\temp\vs\CUBO_CONE_CILINDRO\Project1\main.cpp(107,14): warning C4244: 'argumento': conversão de 'double' para 'GLfloat', possível perda de dados
C:\temp\vs\CUBO_CONE_CILINDRO\Project1\main.cpp(117,20): warning C4244: 'argumento': conversão de 'double' para 'GLfloat', possível perda de dados
C:\temp\vs\CUBO_CONE_CILINDRO\Project1\main.cpp(117,17): warning C4244: 'argumento': conversão de 'double' para 'GLfloat', possível perda de dados
C:\temp\vs\CUBO_CONE_CILINDRO\Project1\main.cpp(117,14): warning C4244: 'argumento': conversão de 'double' para 'GLfloat', possível perda de dados
C:\temp\vs\CUBO_CONE_CILINDRO\Project1\main.cpp(118,22): warning C4244: 'argumento': conversão de 'double' para 'GLfloat', possível perda de dados
C:\temp\vs\CUBO_CONE_CILINDRO\Project1\main.cpp(118,18): warning C4244: 'argumento': conversão de 'double' para 'GLfloat', possível perda de dados
C:\temp\vs\CUBO_CONE_CILINDRO\Project1\main.cpp(118,14): warning C4244: 'argumento': conversão de 'double' para 'GLfloat', possível perda de dados
C:\temp\vs\CUBO_CONE_CILINDRO\Project1\main.cpp(119,20): warning C4244: 'argumento': conversão de 'double' para 'GLfloat', possível perda de dados
C:\temp\vs\CUBO_CONE_CILINDRO\Project1\main.cpp(119,17): warning C4244: 'argumento': conversão de 'double' para 'GLfloat', possível perda de dados
C:\temp\vs\CUBO_CONE_CILINDRO\Project1\main.cpp(119,14): warning C4244: 'argumento': conversão de 'double' para 'GLfloat', possível perda de dados
C:\temp\vs\CUBO_CONE_CILINDRO\Project1\main.cpp(120,20): warning C4244: 'argumento': conversão de 'double' para 'GLfloat', possível perda de dados
C:\temp\vs\CUBO_CONE_CILINDRO\Project1\main.cpp(120,17): warning C4244: 'argumento': conversão de 'double' para 'GLfloat', possível perda de dados
C:\temp\vs\CUBO_CONE_CILINDRO\Project1\main.cpp(120,14): warning C4244: 'argumento': conversão de 'double' para 'GLfloat', possível perda de dados
C:\temp\vs\CUBO_CONE_CILINDRO\Project1\main.cpp(130,22): warning C4244: 'argumento': conversão de 'double' para 'GLfloat', possível perda de dados
C:\temp\vs\CUBO_CONE_CILINDRO\Project1\main.cpp(130,18): warning C4244: 'argumento': conversão de 'double' para 'GLfloat', possível perda de dados
C:\temp\vs\CUBO_CONE_CILINDRO\Project1\main.cpp(130,14): warning C4244: 'argumento': conversão de 'double' para 'GLfloat', possível perda de dados
C:\temp\vs\CUBO_CONE_CILINDRO\Project1\main.cpp(131,22): warning C4244: 'argumento': conversão de 'double' para 'GLfloat', possível perda de dados
C:\temp\vs\CUBO_CONE_CILINDRO\Project1\main.cpp(131,18): warning C4244: 'argumento': conversão de 'double' para 'GLfloat', possível perda de dados
C:\temp\vs\CUBO_CONE_CILINDRO\Project1\main.cpp(131,14): warning C4244: 'argumento': conversão de 'double' para 'GLfloat', possível perda de dados
C:\temp\vs\CUBO_CONE_CILINDRO\Project1\main.cpp(132,22): warning C4244: 'argumento': conversão de 'double' para 'GLfloat', possível perda de dados
C:\temp\vs\CUBO_CONE_CILINDRO\Project1\main.cpp(132,18): warning C4244: 'argumento': conversão de 'double' para 'GLfloat', possível perda de dados
C:\temp\vs\CUBO_CONE_CILINDRO\Project1\main.cpp(132,14): warning C4244: 'argumento': conversão de 'double' para 'GLfloat', possível perda de dados
C:\temp\vs\CUBO_CONE_CILINDRO\Project1\main.cpp(133,22): warning C4244: 'argumento': conversão de 'double' para 'GLfloat', possível perda de dados
C:\temp\vs\CUBO_CONE_CILINDRO\Project1\main.cpp(133,18): warning C4244: 'argumento': conversão de 'double' para 'GLfloat', possível perda de dados
C:\temp\vs\CUBO_CONE_CILINDRO\Project1\main.cpp(133,14): warning C4244: 'argumento': conversão de 'double' para 'GLfloat', possível perda de dados
C:\temp\vs\CUBO_CONE_CILINDRO\Project1\main.cpp(139,20): warning C4305: 'inicializando': truncamento de 'double' para 'float'
C:\temp\vs\CUBO_CONE_CILINDRO\Project1\main.cpp(144,13): warning C4244: '=': conversão de 'double' para 'float', possível perda de dados
C:\temp\vs\CUBO_CONE_CILINDRO\Project1\main.cpp(145,13): warning C4244: '=': conversão de 'double' para 'float', possível perda de dados
C:\temp\vs\CUBO_CONE_CILINDRO\Project1\main.cpp(156,20): warning C4305: 'inicializando': truncamento de 'double' para 'float'
C:\temp\vs\CUBO_CONE_CILINDRO\Project1\main.cpp(165,13): warning C4244: '=': conversão de 'double' para 'float', possível perda de dados
C:\temp\vs\CUBO_CONE_CILINDRO\Project1\main.cpp(166,13): warning C4244: '=': conversão de 'double' para 'float', possível perda de dados
C:\temp\vs\CUBO_CONE_CILINDRO\Project1\main.cpp(179,20): warning C4305: 'inicializando': truncamento de 'double' para 'float'
C:\temp\vs\CUBO_CONE_CILINDRO\Project1\main.cpp(190,14): warning C4244: '=': conversão de 'double' para 'float', possível perda de dados
C:\temp\vs\CUBO_CONE_CILINDRO\Project1\main.cpp(191,14): warning C4244: '=': conversão de 'double' para 'float', possível perda de dados
C:\temp\vs\CUBO_CONE_CILINDRO\Project1\main.cpp(213,55): warning C4244: 'argumento': conversão de 'double' para 'GLfloat', possível perda de dados
  Project1.vcxproj -> C:\temp\vs\CUBO_CONE_CILINDRO\x64\Debug\Project1.exe
